# JRE version: OpenJDK Runtime Environment (19.0.1+10) (build 19.0.1+10-21)
# Java VM: OpenJDK 64-Bit Server VM (19.0.1+10-21, mixed mode, sharing, tiered, compressed oops, compressed class ptrs, g1 gc, windows-amd64)
GC Precious Log:
 CardTable entry size: 512
 Card Set container configuration: InlinePtr #cards 5 size 8 Array Of Cards #cards 12 size 40 Howl #buckets 4 coarsen threshold 1843 Howl Bitmap #cards 512 size 80 coarsen threshold 460 Card regions per heap region 1 cards per card region 2048
 CPUs: 12 total, 12 available
 Memory: 7488M
 Large Page Support: Disabled
 NUMA Support: Disabled
 Compressed Oops: Enabled (32-bit)
 Heap Region Size: 1M
 Heap Min Capacity: 8M
 Heap Initial Capacity: 118M
 Heap Max Capacity: 1874M
 Pre-touch: Disabled
 Parallel Workers: 10
 Concurrent Workers: 3
 Concurrent Refinement Workers: 10
 Periodic GC: Disabled
Heap:
 garbage-first heap   total 72704K, used 28289K [0x000000008ae00000, 0x0000000100000000)
  region size 1024K, 3 young (3072K), 1 survivors (1024K)
 Metaspace       used 65593K, committed 66176K, reserved 1114112K
  class space    used 8530K, committed 8832K, reserved 1048576K
GC Heap History (20 events):
Event: 2.945 GC heap before
{Heap before GC invocations=4 (full 0):
 garbage-first heap   total 48128K, used 35153K [0x000000008ae00000, 0x0000000100000000)
  region size 1024K, 28 young (28672K), 6 survivors (6144K)
 Metaspace       used 26559K, committed 26944K, reserved 1114112K
  class space    used 3236K, committed 3392K, reserved 1048576K
}
Event: 2.956 GC heap after
{Heap after GC invocations=5 (full 0):
 garbage-first heap   total 48128K, used 15193K [0x000000008ae00000, 0x0000000100000000)
  region size 1024K, 3 young (3072K), 3 survivors (3072K)
 Metaspace       used 26559K, committed 26944K, reserved 1114112K
  class space    used 3236K, committed 3392K, reserved 1048576K
}
Event: 2.984 GC heap before
{Heap before GC invocations=5 (full 0):
 garbage-first heap   total 48128K, used 16217K [0x000000008ae00000, 0x0000000100000000)
  region size 1024K, 4 young (4096K), 3 survivors (3072K)
 Metaspace       used 26829K, committed 27264K, reserved 1114112K
  class space    used 3260K, committed 3456K, reserved 1048576K
}
Event: 2.989 GC heap after
{Heap after GC invocations=6 (full 0):
 garbage-first heap   total 48128K, used 15739K [0x000000008ae00000, 0x0000000100000000)
  region size 1024K, 1 young (1024K), 1 survivors (1024K)
 Metaspace       used 26829K, committed 27264K, reserved 1114112K
  class space    used 3260K, committed 3456K, reserved 1048576K
}
Event: 3.440 GC heap before
{Heap before GC invocations=6 (full 0):
 garbage-first heap   total 48128K, used 33147K [0x000000008ae00000, 0x0000000100000000)
  region size 1024K, 19 young (19456K), 1 survivors (1024K)
 Metaspace       used 30924K, committed 31360K, reserved 1114112K
  class space    used 3806K, committed 4032K, reserved 1048576K
}
Event: 3.442 GC heap after
{Heap after GC invocations=7 (full 0):
 garbage-first heap   total 48128K, used 16700K [0x000000008ae00000, 0x0000000100000000)
  region size 1024K, 2 young (2048K), 2 survivors (2048K)
 Metaspace       used 30924K, committed 31360K, reserved 1114112K
  class space    used 3806K, committed 4032K, reserved 1048576K
}
Event: 3.796 GC heap before
{Heap before GC invocations=7 (full 0):
 garbage-first heap   total 48128K, used 30012K [0x000000008ae00000, 0x0000000100000000)
  region size 1024K, 17 young (17408K), 2 survivors (2048K)
 Metaspace       used 35510K, committed 35968K, reserved 1114112K
  class space    used 4452K, committed 4672K, reserved 1048576K
}
Event: 3.798 GC heap after
{Heap after GC invocations=8 (full 0):
 garbage-first heap   total 48128K, used 17835K [0x000000008ae00000, 0x0000000100000000)
  region size 1024K, 3 young (3072K), 3 survivors (3072K)
 Metaspace       used 35510K, committed 35968K, reserved 1114112K
  class space    used 4452K, committed 4672K, reserved 1048576K
}
Event: 4.378 GC heap before
{Heap before GC invocations=9 (full 0):
 garbage-first heap   total 48128K, used 34219K [0x000000008ae00000, 0x0000000100000000)
  region size 1024K, 20 young (20480K), 3 survivors (3072K)
 Metaspace       used 43683K, committed 44224K, reserved 1114112K
  class space    used 5460K, committed 5696K, reserved 1048576K
}
Event: 4.383 GC heap after
{Heap after GC invocations=10 (full 0):
 garbage-first heap   total 72704K, used 19816K [0x000000008ae00000, 0x0000000100000000)
  region size 1024K, 3 young (3072K), 3 survivors (3072K)
 Metaspace       used 43683K, committed 44224K, reserved 1114112K
  class space    used 5460K, committed 5696K, reserved 1048576K
}
Event: 5.039 GC heap before
{Heap before GC invocations=10 (full 0):
 garbage-first heap   total 72704K, used 51560K [0x000000008ae00000, 0x0000000100000000)
  region size 1024K, 35 young (35840K), 3 survivors (3072K)
 Metaspace       used 53063K, committed 53568K, reserved 1114112K
  class space    used 6856K, committed 7104K, reserved 1048576K
}
Event: 5.043 GC heap after
{Heap after GC invocations=11 (full 0):
 garbage-first heap   total 72704K, used 21576K [0x000000008ae00000, 0x0000000100000000)
  region size 1024K, 4 young (4096K), 4 survivors (4096K)
 Metaspace       used 53063K, committed 53568K, reserved 1114112K
  class space    used 6856K, committed 7104K, reserved 1048576K
}
Event: 5.800 GC heap before
{Heap before GC invocations=11 (full 0):
 garbage-first heap   total 72704K, used 53320K [0x000000008ae00000, 0x0000000100000000)
  region size 1024K, 35 young (35840K), 4 survivors (4096K)
 Metaspace       used 58422K, committed 58944K, reserved 1114112K
  class space    used 7548K, committed 7808K, reserved 1048576K
}
Event: 5.805 GC heap after
{Heap after GC invocations=12 (full 0):
 garbage-first heap   total 72704K, used 24505K [0x000000008ae00000, 0x0000000100000000)
  region size 1024K, 5 young (5120K), 5 survivors (5120K)
 Metaspace       used 58422K, committed 58944K, reserved 1114112K
  class space    used 7548K, committed 7808K, reserved 1048576K
}
Event: 5.978 GC heap before
{Heap before GC invocations=12 (full 0):
 garbage-first heap   total 72704K, used 32697K [0x000000008ae00000, 0x0000000100000000)
  region size 1024K, 14 young (14336K), 5 survivors (5120K)
 Metaspace       used 59754K, committed 60288K, reserved 1114112K
  class space    used 7720K, committed 8000K, reserved 1048576K
}
Event: 5.981 GC heap after
{Heap after GC invocations=13 (full 0):
 garbage-first heap   total 72704K, used 25662K [0x000000008ae00000, 0x0000000100000000)
  region size 1024K, 2 young (2048K), 2 survivors (2048K)
 Metaspace       used 59754K, committed 60288K, reserved 1114112K
  class space    used 7720K, committed 8000K, reserved 1048576K
}
Event: 1770.088 GC heap before
{Heap before GC invocations=14 (full 0):
 garbage-first heap   total 72704K, used 53310K [0x000000008ae00000, 0x0000000100000000)
  region size 1024K, 30 young (30720K), 2 survivors (2048K)
 Metaspace       used 65536K, committed 66176K, reserved 1114112K
  class space    used 8530K, committed 8832K, reserved 1048576K
}
Event: 1770.137 GC heap after
{Heap after GC invocations=15 (full 0):
 garbage-first heap   total 72704K, used 27233K [0x000000008ae00000, 0x0000000100000000)
  region size 1024K, 3 young (3072K), 3 survivors (3072K)
 Metaspace       used 65536K, committed 66176K, reserved 1114112K
  class space    used 8530K, committed 8832K, reserved 1048576K
}
Event: 1781.357 GC heap before
{Heap before GC invocations=15 (full 0):
 garbage-first heap   total 72704K, used 28257K [0x000000008ae00000, 0x0000000100000000)
  region size 1024K, 4 young (4096K), 3 survivors (3072K)
 Metaspace       used 65554K, committed 66176K, reserved 1114112K
  class space    used 8530K, committed 8832K, reserved 1048576K
}
Event: 1781.373 GC heap after
{Heap after GC invocations=16 (full 0):
 garbage-first heap   total 72704K, used 27265K [0x000000008ae00000, 0x0000000100000000)
  region size 1024K, 1 young (1024K), 1 survivors (1024K)
 Metaspace       used 65554K, committed 66176K, reserved 1114112K
  class space    used 8530K, committed 8832K, reserved 1048576K
}

